<?xml version="1.0" encoding="UTF-8"?>
<!-- Generated by org.testng.reporters.JUnitReportReporter -->
<testsuite hostname="DESKTOP-T6KLQOF" failures="0" tests="1" name="driverFactory.AppTest" time="58.160" errors="0" timestamp="2023-12-19T12:48:23 IST" skipped="0">
  <testcase classname="driverFactory.AppTest" name="kickstart" time="58.160">
    <system-out>
      <![CDATA[Supplier-00000000604    Supplier-00000000604]]>
    </system-out>
  </testcase> <!-- kickstart -->
  <system-out>
    <![CDATA[Supplier-00000000604    Supplier-00000000604]]>
  </system-out>
</testsuite> <!-- driverFactory.AppTest -->
